find_executable: checking for pg_config... -------------------- yes

--------------------

find_header: checking for libpq-fe.h... -------------------- yes

"clang -o conftest -I/Users/sean/.rvm/rubies/ruby-1.9.3-p194/include/ruby-1.9.1/x86_64-darwin11.3.0 -I/Users/sean/.rvm/rubies/ruby-1.9.3-p194/include/ruby-1.9.1/ruby/backward -I/Users/sean/.rvm/rubies/ruby-1.9.3-p194/include/ruby-1.9.1 -I. -I/Users/sean/.rvm/usr/include -D_XOPEN_SOURCE -D_DARWIN_C_SOURCE   -I/usr/include -no-cpp-precomp -Wno-pointer-sign -Wno-write-strings -fno-common -pipe conftest.c  -L. -L/Users/sean/.rvm/rubies/ruby-1.9.3-p194/lib -L/Users/sean/.rvm/usr/lib -L.  -L/usr/lib     -lruby.1.9.1  -lpthread -ldl -lobjc "
checked program was:
/* begin */
1: #include "ruby.h"
2: 
3: int main() {return 0;}
/* end */

"clang -E -I/Users/sean/.rvm/rubies/ruby-1.9.3-p194/include/ruby-1.9.1/x86_64-darwin11.3.0 -I/Users/sean/.rvm/rubies/ruby-1.9.3-p194/include/ruby-1.9.1/ruby/backward -I/Users/sean/.rvm/rubies/ruby-1.9.3-p194/include/ruby-1.9.1 -I. -I/Users/sean/.rvm/usr/include -D_XOPEN_SOURCE -D_DARWIN_C_SOURCE   -I/usr/include -no-cpp-precomp -Wno-pointer-sign -Wno-write-strings -fno-common -pipe  conftest.c -o conftest.i"
checked program was:
/* begin */
1: #include "ruby.h"
2: 
3: #include <libpq-fe.h>
/* end */

--------------------

find_header: checking for libpq/libpq-fs.h... -------------------- yes

"clang -E -I/Users/sean/.rvm/rubies/ruby-1.9.3-p194/include/ruby-1.9.1/x86_64-darwin11.3.0 -I/Users/sean/.rvm/rubies/ruby-1.9.3-p194/include/ruby-1.9.1/ruby/backward -I/Users/sean/.rvm/rubies/ruby-1.9.3-p194/include/ruby-1.9.1 -I. -I/Users/sean/.rvm/usr/include -D_XOPEN_SOURCE -D_DARWIN_C_SOURCE   -I/usr/include -no-cpp-precomp -Wno-pointer-sign -Wno-write-strings -fno-common -pipe  conftest.c -o conftest.i"
checked program was:
/* begin */
1: #include "ruby.h"
2: 
3: #include <libpq/libpq-fs.h>
/* end */

--------------------

find_header: checking for pg_config_manual.h... -------------------- yes

"clang -E -I/Users/sean/.rvm/rubies/ruby-1.9.3-p194/include/ruby-1.9.1/x86_64-darwin11.3.0 -I/Users/sean/.rvm/rubies/ruby-1.9.3-p194/include/ruby-1.9.1/ruby/backward -I/Users/sean/.rvm/rubies/ruby-1.9.3-p194/include/ruby-1.9.1 -I. -I/Users/sean/.rvm/usr/include -D_XOPEN_SOURCE -D_DARWIN_C_SOURCE   -I/usr/include -no-cpp-precomp -Wno-pointer-sign -Wno-write-strings -fno-common -pipe  conftest.c -o conftest.i"
checked program was:
/* begin */
1: #include "ruby.h"
2: 
3: #include <pg_config_manual.h>
/* end */

--------------------

have_library: checking for PQconnectdb() in -lpq... -------------------- yes

"clang -o conftest -I/Users/sean/.rvm/rubies/ruby-1.9.3-p194/include/ruby-1.9.1/x86_64-darwin11.3.0 -I/Users/sean/.rvm/rubies/ruby-1.9.3-p194/include/ruby-1.9.1/ruby/backward -I/Users/sean/.rvm/rubies/ruby-1.9.3-p194/include/ruby-1.9.1 -I. -I/Users/sean/.rvm/usr/include -D_XOPEN_SOURCE -D_DARWIN_C_SOURCE   -I/usr/include -no-cpp-precomp -Wno-pointer-sign -Wno-write-strings -fno-common -pipe conftest.c  -L. -L/Users/sean/.rvm/rubies/ruby-1.9.3-p194/lib -L/Users/sean/.rvm/usr/lib -L.  -L/usr/lib     -lruby.1.9.1 -lpq  -lpthread -ldl -lobjc "
checked program was:
/* begin */
1: #include "ruby.h"
2: 
3: #include <libpq-fe.h>
4: 
5: /*top*/
6: int main() {return 0;}
7: int t() { void ((*volatile p)()); p = (void ((*)()))PQconnectdb; return 0; }
/* end */

--------------------

have_func: checking for PQconnectionUsedPassword()... -------------------- yes

"clang -o conftest -I/Users/sean/.rvm/rubies/ruby-1.9.3-p194/include/ruby-1.9.1/x86_64-darwin11.3.0 -I/Users/sean/.rvm/rubies/ruby-1.9.3-p194/include/ruby-1.9.1/ruby/backward -I/Users/sean/.rvm/rubies/ruby-1.9.3-p194/include/ruby-1.9.1 -I. -I/Users/sean/.rvm/usr/include -D_XOPEN_SOURCE -D_DARWIN_C_SOURCE   -I/usr/include -no-cpp-precomp -Wno-pointer-sign -Wno-write-strings -fno-common -pipe conftest.c  -L. -L/Users/sean/.rvm/rubies/ruby-1.9.3-p194/lib -L/Users/sean/.rvm/usr/lib -L.  -L/usr/lib    -lpq  -lruby.1.9.1 -lpq  -lpthread -ldl -lobjc "
conftest.c:5:53: error: use of undeclared identifier 'PQconnectionUsedPassword'
int t() { void ((*volatile p)()); p = (void ((*)()))PQconnectionUsedPassword; return 0; }
                                                    ^
1 error generated.
checked program was:
/* begin */
1: #include "ruby.h"
2: 
3: /*top*/
4: int main() {return 0;}
5: int t() { void ((*volatile p)()); p = (void ((*)()))PQconnectionUsedPassword; return 0; }
/* end */

"clang -o conftest -I/Users/sean/.rvm/rubies/ruby-1.9.3-p194/include/ruby-1.9.1/x86_64-darwin11.3.0 -I/Users/sean/.rvm/rubies/ruby-1.9.3-p194/include/ruby-1.9.1/ruby/backward -I/Users/sean/.rvm/rubies/ruby-1.9.3-p194/include/ruby-1.9.1 -I. -I/Users/sean/.rvm/usr/include -D_XOPEN_SOURCE -D_DARWIN_C_SOURCE   -I/usr/include -no-cpp-precomp -Wno-pointer-sign -Wno-write-strings -fno-common -pipe conftest.c  -L. -L/Users/sean/.rvm/rubies/ruby-1.9.3-p194/lib -L/Users/sean/.rvm/usr/lib -L.  -L/usr/lib    -lpq  -lruby.1.9.1 -lpq  -lpthread -ldl -lobjc "
conftest.c:5:11: warning: implicit declaration of function 'PQconnectionUsedPassword' is invalid in C99 [-Wimplicit-function-declaration]
int t() { PQconnectionUsedPassword(); return 0; }
          ^
1 warning generated.
checked program was:
/* begin */
1: #include "ruby.h"
2: 
3: /*top*/
4: int main() {return 0;}
5: int t() { PQconnectionUsedPassword(); return 0; }
/* end */

--------------------

have_func: checking for PQisthreadsafe()... -------------------- yes

"clang -o conftest -I/Users/sean/.rvm/rubies/ruby-1.9.3-p194/include/ruby-1.9.1/x86_64-darwin11.3.0 -I/Users/sean/.rvm/rubies/ruby-1.9.3-p194/include/ruby-1.9.1/ruby/backward -I/Users/sean/.rvm/rubies/ruby-1.9.3-p194/include/ruby-1.9.1 -I. -I/Users/sean/.rvm/usr/include -D_XOPEN_SOURCE -D_DARWIN_C_SOURCE   -I/usr/include -no-cpp-precomp -Wno-pointer-sign -Wno-write-strings -fno-common -pipe conftest.c  -L. -L/Users/sean/.rvm/rubies/ruby-1.9.3-p194/lib -L/Users/sean/.rvm/usr/lib -L.  -L/usr/lib    -lpq  -lruby.1.9.1 -lpq  -lpthread -ldl -lobjc "
conftest.c:5:53: error: use of undeclared identifier 'PQisthreadsafe'
int t() { void ((*volatile p)()); p = (void ((*)()))PQisthreadsafe; return 0; }
                                                    ^
1 error generated.
checked program was:
/* begin */
1: #include "ruby.h"
2: 
3: /*top*/
4: int main() {return 0;}
5: int t() { void ((*volatile p)()); p = (void ((*)()))PQisthreadsafe; return 0; }
/* end */

"clang -o conftest -I/Users/sean/.rvm/rubies/ruby-1.9.3-p194/include/ruby-1.9.1/x86_64-darwin11.3.0 -I/Users/sean/.rvm/rubies/ruby-1.9.3-p194/include/ruby-1.9.1/ruby/backward -I/Users/sean/.rvm/rubies/ruby-1.9.3-p194/include/ruby-1.9.1 -I. -I/Users/sean/.rvm/usr/include -D_XOPEN_SOURCE -D_DARWIN_C_SOURCE   -I/usr/include -no-cpp-precomp -Wno-pointer-sign -Wno-write-strings -fno-common -pipe conftest.c  -L. -L/Users/sean/.rvm/rubies/ruby-1.9.3-p194/lib -L/Users/sean/.rvm/usr/lib -L.  -L/usr/lib    -lpq  -lruby.1.9.1 -lpq  -lpthread -ldl -lobjc "
conftest.c:5:11: warning: implicit declaration of function 'PQisthreadsafe' is invalid in C99 [-Wimplicit-function-declaration]
int t() { PQisthreadsafe(); return 0; }
          ^
1 warning generated.
checked program was:
/* begin */
1: #include "ruby.h"
2: 
3: /*top*/
4: int main() {return 0;}
5: int t() { PQisthreadsafe(); return 0; }
/* end */

--------------------

have_func: checking for PQprepare()... -------------------- yes

"clang -o conftest -I/Users/sean/.rvm/rubies/ruby-1.9.3-p194/include/ruby-1.9.1/x86_64-darwin11.3.0 -I/Users/sean/.rvm/rubies/ruby-1.9.3-p194/include/ruby-1.9.1/ruby/backward -I/Users/sean/.rvm/rubies/ruby-1.9.3-p194/include/ruby-1.9.1 -I. -I/Users/sean/.rvm/usr/include -D_XOPEN_SOURCE -D_DARWIN_C_SOURCE   -I/usr/include -no-cpp-precomp -Wno-pointer-sign -Wno-write-strings -fno-common -pipe conftest.c  -L. -L/Users/sean/.rvm/rubies/ruby-1.9.3-p194/lib -L/Users/sean/.rvm/usr/lib -L.  -L/usr/lib    -lpq  -lruby.1.9.1 -lpq  -lpthread -ldl -lobjc "
conftest.c:5:53: error: use of undeclared identifier 'PQprepare'
int t() { void ((*volatile p)()); p = (void ((*)()))PQprepare; return 0; }
                                                    ^
1 error generated.
checked program was:
/* begin */
1: #include "ruby.h"
2: 
3: /*top*/
4: int main() {return 0;}
5: int t() { void ((*volatile p)()); p = (void ((*)()))PQprepare; return 0; }
/* end */

"clang -o conftest -I/Users/sean/.rvm/rubies/ruby-1.9.3-p194/include/ruby-1.9.1/x86_64-darwin11.3.0 -I/Users/sean/.rvm/rubies/ruby-1.9.3-p194/include/ruby-1.9.1/ruby/backward -I/Users/sean/.rvm/rubies/ruby-1.9.3-p194/include/ruby-1.9.1 -I. -I/Users/sean/.rvm/usr/include -D_XOPEN_SOURCE -D_DARWIN_C_SOURCE   -I/usr/include -no-cpp-precomp -Wno-pointer-sign -Wno-write-strings -fno-common -pipe conftest.c  -L. -L/Users/sean/.rvm/rubies/ruby-1.9.3-p194/lib -L/Users/sean/.rvm/usr/lib -L.  -L/usr/lib    -lpq  -lruby.1.9.1 -lpq  -lpthread -ldl -lobjc "
conftest.c:5:11: warning: implicit declaration of function 'PQprepare' is invalid in C99 [-Wimplicit-function-declaration]
int t() { PQprepare(); return 0; }
          ^
1 warning generated.
checked program was:
/* begin */
1: #include "ruby.h"
2: 
3: /*top*/
4: int main() {return 0;}
5: int t() { PQprepare(); return 0; }
/* end */

--------------------

have_func: checking for PQexecParams()... -------------------- yes

"clang -o conftest -I/Users/sean/.rvm/rubies/ruby-1.9.3-p194/include/ruby-1.9.1/x86_64-darwin11.3.0 -I/Users/sean/.rvm/rubies/ruby-1.9.3-p194/include/ruby-1.9.1/ruby/backward -I/Users/sean/.rvm/rubies/ruby-1.9.3-p194/include/ruby-1.9.1 -I. -I/Users/sean/.rvm/usr/include -D_XOPEN_SOURCE -D_DARWIN_C_SOURCE   -I/usr/include -no-cpp-precomp -Wno-pointer-sign -Wno-write-strings -fno-common -pipe conftest.c  -L. -L/Users/sean/.rvm/rubies/ruby-1.9.3-p194/lib -L/Users/sean/.rvm/usr/lib -L.  -L/usr/lib    -lpq  -lruby.1.9.1 -lpq  -lpthread -ldl -lobjc "
conftest.c:5:53: error: use of undeclared identifier 'PQexecParams'
int t() { void ((*volatile p)()); p = (void ((*)()))PQexecParams; return 0; }
                                                    ^
1 error generated.
checked program was:
/* begin */
1: #include "ruby.h"
2: 
3: /*top*/
4: int main() {return 0;}
5: int t() { void ((*volatile p)()); p = (void ((*)()))PQexecParams; return 0; }
/* end */

"clang -o conftest -I/Users/sean/.rvm/rubies/ruby-1.9.3-p194/include/ruby-1.9.1/x86_64-darwin11.3.0 -I/Users/sean/.rvm/rubies/ruby-1.9.3-p194/include/ruby-1.9.1/ruby/backward -I/Users/sean/.rvm/rubies/ruby-1.9.3-p194/include/ruby-1.9.1 -I. -I/Users/sean/.rvm/usr/include -D_XOPEN_SOURCE -D_DARWIN_C_SOURCE   -I/usr/include -no-cpp-precomp -Wno-pointer-sign -Wno-write-strings -fno-common -pipe conftest.c  -L. -L/Users/sean/.rvm/rubies/ruby-1.9.3-p194/lib -L/Users/sean/.rvm/usr/lib -L.  -L/usr/lib    -lpq  -lruby.1.9.1 -lpq  -lpthread -ldl -lobjc "
conftest.c:5:11: warning: implicit declaration of function 'PQexecParams' is invalid in C99 [-Wimplicit-function-declaration]
int t() { PQexecParams(); return 0; }
          ^
1 warning generated.
checked program was:
/* begin */
1: #include "ruby.h"
2: 
3: /*top*/
4: int main() {return 0;}
5: int t() { PQexecParams(); return 0; }
/* end */

--------------------

have_func: checking for PQescapeString()... -------------------- yes

"clang -o conftest -I/Users/sean/.rvm/rubies/ruby-1.9.3-p194/include/ruby-1.9.1/x86_64-darwin11.3.0 -I/Users/sean/.rvm/rubies/ruby-1.9.3-p194/include/ruby-1.9.1/ruby/backward -I/Users/sean/.rvm/rubies/ruby-1.9.3-p194/include/ruby-1.9.1 -I. -I/Users/sean/.rvm/usr/include -D_XOPEN_SOURCE -D_DARWIN_C_SOURCE   -I/usr/include -no-cpp-precomp -Wno-pointer-sign -Wno-write-strings -fno-common -pipe conftest.c  -L. -L/Users/sean/.rvm/rubies/ruby-1.9.3-p194/lib -L/Users/sean/.rvm/usr/lib -L.  -L/usr/lib    -lpq  -lruby.1.9.1 -lpq  -lpthread -ldl -lobjc "
conftest.c:5:53: error: use of undeclared identifier 'PQescapeString'
int t() { void ((*volatile p)()); p = (void ((*)()))PQescapeString; return 0; }
                                                    ^
1 error generated.
checked program was:
/* begin */
1: #include "ruby.h"
2: 
3: /*top*/
4: int main() {return 0;}
5: int t() { void ((*volatile p)()); p = (void ((*)()))PQescapeString; return 0; }
/* end */

"clang -o conftest -I/Users/sean/.rvm/rubies/ruby-1.9.3-p194/include/ruby-1.9.1/x86_64-darwin11.3.0 -I/Users/sean/.rvm/rubies/ruby-1.9.3-p194/include/ruby-1.9.1/ruby/backward -I/Users/sean/.rvm/rubies/ruby-1.9.3-p194/include/ruby-1.9.1 -I. -I/Users/sean/.rvm/usr/include -D_XOPEN_SOURCE -D_DARWIN_C_SOURCE   -I/usr/include -no-cpp-precomp -Wno-pointer-sign -Wno-write-strings -fno-common -pipe conftest.c  -L. -L/Users/sean/.rvm/rubies/ruby-1.9.3-p194/lib -L/Users/sean/.rvm/usr/lib -L.  -L/usr/lib    -lpq  -lruby.1.9.1 -lpq  -lpthread -ldl -lobjc "
conftest.c:5:11: warning: implicit declaration of function 'PQescapeString' is invalid in C99 [-Wimplicit-function-declaration]
int t() { PQescapeString(); return 0; }
          ^
1 warning generated.
checked program was:
/* begin */
1: #include "ruby.h"
2: 
3: /*top*/
4: int main() {return 0;}
5: int t() { PQescapeString(); return 0; }
/* end */

--------------------

have_func: checking for PQescapeStringConn()... -------------------- yes

"clang -o conftest -I/Users/sean/.rvm/rubies/ruby-1.9.3-p194/include/ruby-1.9.1/x86_64-darwin11.3.0 -I/Users/sean/.rvm/rubies/ruby-1.9.3-p194/include/ruby-1.9.1/ruby/backward -I/Users/sean/.rvm/rubies/ruby-1.9.3-p194/include/ruby-1.9.1 -I. -I/Users/sean/.rvm/usr/include -D_XOPEN_SOURCE -D_DARWIN_C_SOURCE   -I/usr/include -no-cpp-precomp -Wno-pointer-sign -Wno-write-strings -fno-common -pipe conftest.c  -L. -L/Users/sean/.rvm/rubies/ruby-1.9.3-p194/lib -L/Users/sean/.rvm/usr/lib -L.  -L/usr/lib    -lpq  -lruby.1.9.1 -lpq  -lpthread -ldl -lobjc "
conftest.c:5:53: error: use of undeclared identifier 'PQescapeStringConn'
int t() { void ((*volatile p)()); p = (void ((*)()))PQescapeStringConn; return 0; }
                                                    ^
1 error generated.
checked program was:
/* begin */
1: #include "ruby.h"
2: 
3: /*top*/
4: int main() {return 0;}
5: int t() { void ((*volatile p)()); p = (void ((*)()))PQescapeStringConn; return 0; }
/* end */

"clang -o conftest -I/Users/sean/.rvm/rubies/ruby-1.9.3-p194/include/ruby-1.9.1/x86_64-darwin11.3.0 -I/Users/sean/.rvm/rubies/ruby-1.9.3-p194/include/ruby-1.9.1/ruby/backward -I/Users/sean/.rvm/rubies/ruby-1.9.3-p194/include/ruby-1.9.1 -I. -I/Users/sean/.rvm/usr/include -D_XOPEN_SOURCE -D_DARWIN_C_SOURCE   -I/usr/include -no-cpp-precomp -Wno-pointer-sign -Wno-write-strings -fno-common -pipe conftest.c  -L. -L/Users/sean/.rvm/rubies/ruby-1.9.3-p194/lib -L/Users/sean/.rvm/usr/lib -L.  -L/usr/lib    -lpq  -lruby.1.9.1 -lpq  -lpthread -ldl -lobjc "
conftest.c:5:11: warning: implicit declaration of function 'PQescapeStringConn' is invalid in C99 [-Wimplicit-function-declaration]
int t() { PQescapeStringConn(); return 0; }
          ^
1 warning generated.
checked program was:
/* begin */
1: #include "ruby.h"
2: 
3: /*top*/
4: int main() {return 0;}
5: int t() { PQescapeStringConn(); return 0; }
/* end */

--------------------

have_func: checking for PQescapeLiteral()... -------------------- yes

"clang -o conftest -I/Users/sean/.rvm/rubies/ruby-1.9.3-p194/include/ruby-1.9.1/x86_64-darwin11.3.0 -I/Users/sean/.rvm/rubies/ruby-1.9.3-p194/include/ruby-1.9.1/ruby/backward -I/Users/sean/.rvm/rubies/ruby-1.9.3-p194/include/ruby-1.9.1 -I. -I/Users/sean/.rvm/usr/include -D_XOPEN_SOURCE -D_DARWIN_C_SOURCE   -I/usr/include -no-cpp-precomp -Wno-pointer-sign -Wno-write-strings -fno-common -pipe conftest.c  -L. -L/Users/sean/.rvm/rubies/ruby-1.9.3-p194/lib -L/Users/sean/.rvm/usr/lib -L.  -L/usr/lib    -lpq  -lruby.1.9.1 -lpq  -lpthread -ldl -lobjc "
conftest.c:5:53: error: use of undeclared identifier 'PQescapeLiteral'
int t() { void ((*volatile p)()); p = (void ((*)()))PQescapeLiteral; return 0; }
                                                    ^
1 error generated.
checked program was:
/* begin */
1: #include "ruby.h"
2: 
3: /*top*/
4: int main() {return 0;}
5: int t() { void ((*volatile p)()); p = (void ((*)()))PQescapeLiteral; return 0; }
/* end */

"clang -o conftest -I/Users/sean/.rvm/rubies/ruby-1.9.3-p194/include/ruby-1.9.1/x86_64-darwin11.3.0 -I/Users/sean/.rvm/rubies/ruby-1.9.3-p194/include/ruby-1.9.1/ruby/backward -I/Users/sean/.rvm/rubies/ruby-1.9.3-p194/include/ruby-1.9.1 -I. -I/Users/sean/.rvm/usr/include -D_XOPEN_SOURCE -D_DARWIN_C_SOURCE   -I/usr/include -no-cpp-precomp -Wno-pointer-sign -Wno-write-strings -fno-common -pipe conftest.c  -L. -L/Users/sean/.rvm/rubies/ruby-1.9.3-p194/lib -L/Users/sean/.rvm/usr/lib -L.  -L/usr/lib    -lpq  -lruby.1.9.1 -lpq  -lpthread -ldl -lobjc "
conftest.c:5:11: warning: implicit declaration of function 'PQescapeLiteral' is invalid in C99 [-Wimplicit-function-declaration]
int t() { PQescapeLiteral(); return 0; }
          ^
1 warning generated.
checked program was:
/* begin */
1: #include "ruby.h"
2: 
3: /*top*/
4: int main() {return 0;}
5: int t() { PQescapeLiteral(); return 0; }
/* end */

--------------------

have_func: checking for PQescapeIdentifier()... -------------------- yes

"clang -o conftest -I/Users/sean/.rvm/rubies/ruby-1.9.3-p194/include/ruby-1.9.1/x86_64-darwin11.3.0 -I/Users/sean/.rvm/rubies/ruby-1.9.3-p194/include/ruby-1.9.1/ruby/backward -I/Users/sean/.rvm/rubies/ruby-1.9.3-p194/include/ruby-1.9.1 -I. -I/Users/sean/.rvm/usr/include -D_XOPEN_SOURCE -D_DARWIN_C_SOURCE   -I/usr/include -no-cpp-precomp -Wno-pointer-sign -Wno-write-strings -fno-common -pipe conftest.c  -L. -L/Users/sean/.rvm/rubies/ruby-1.9.3-p194/lib -L/Users/sean/.rvm/usr/lib -L.  -L/usr/lib    -lpq  -lruby.1.9.1 -lpq  -lpthread -ldl -lobjc "
conftest.c:5:53: error: use of undeclared identifier 'PQescapeIdentifier'
int t() { void ((*volatile p)()); p = (void ((*)()))PQescapeIdentifier; return 0; }
                                                    ^
1 error generated.
checked program was:
/* begin */
1: #include "ruby.h"
2: 
3: /*top*/
4: int main() {return 0;}
5: int t() { void ((*volatile p)()); p = (void ((*)()))PQescapeIdentifier; return 0; }
/* end */

"clang -o conftest -I/Users/sean/.rvm/rubies/ruby-1.9.3-p194/include/ruby-1.9.1/x86_64-darwin11.3.0 -I/Users/sean/.rvm/rubies/ruby-1.9.3-p194/include/ruby-1.9.1/ruby/backward -I/Users/sean/.rvm/rubies/ruby-1.9.3-p194/include/ruby-1.9.1 -I. -I/Users/sean/.rvm/usr/include -D_XOPEN_SOURCE -D_DARWIN_C_SOURCE   -I/usr/include -no-cpp-precomp -Wno-pointer-sign -Wno-write-strings -fno-common -pipe conftest.c  -L. -L/Users/sean/.rvm/rubies/ruby-1.9.3-p194/lib -L/Users/sean/.rvm/usr/lib -L.  -L/usr/lib    -lpq  -lruby.1.9.1 -lpq  -lpthread -ldl -lobjc "
conftest.c:5:11: warning: implicit declaration of function 'PQescapeIdentifier' is invalid in C99 [-Wimplicit-function-declaration]
int t() { PQescapeIdentifier(); return 0; }
          ^
1 warning generated.
checked program was:
/* begin */
1: #include "ruby.h"
2: 
3: /*top*/
4: int main() {return 0;}
5: int t() { PQescapeIdentifier(); return 0; }
/* end */

--------------------

have_func: checking for PQgetCancel()... -------------------- yes

"clang -o conftest -I/Users/sean/.rvm/rubies/ruby-1.9.3-p194/include/ruby-1.9.1/x86_64-darwin11.3.0 -I/Users/sean/.rvm/rubies/ruby-1.9.3-p194/include/ruby-1.9.1/ruby/backward -I/Users/sean/.rvm/rubies/ruby-1.9.3-p194/include/ruby-1.9.1 -I. -I/Users/sean/.rvm/usr/include -D_XOPEN_SOURCE -D_DARWIN_C_SOURCE   -I/usr/include -no-cpp-precomp -Wno-pointer-sign -Wno-write-strings -fno-common -pipe conftest.c  -L. -L/Users/sean/.rvm/rubies/ruby-1.9.3-p194/lib -L/Users/sean/.rvm/usr/lib -L.  -L/usr/lib    -lpq  -lruby.1.9.1 -lpq  -lpthread -ldl -lobjc "
conftest.c:5:53: error: use of undeclared identifier 'PQgetCancel'
int t() { void ((*volatile p)()); p = (void ((*)()))PQgetCancel; return 0; }
                                                    ^
1 error generated.
checked program was:
/* begin */
1: #include "ruby.h"
2: 
3: /*top*/
4: int main() {return 0;}
5: int t() { void ((*volatile p)()); p = (void ((*)()))PQgetCancel; return 0; }
/* end */

"clang -o conftest -I/Users/sean/.rvm/rubies/ruby-1.9.3-p194/include/ruby-1.9.1/x86_64-darwin11.3.0 -I/Users/sean/.rvm/rubies/ruby-1.9.3-p194/include/ruby-1.9.1/ruby/backward -I/Users/sean/.rvm/rubies/ruby-1.9.3-p194/include/ruby-1.9.1 -I. -I/Users/sean/.rvm/usr/include -D_XOPEN_SOURCE -D_DARWIN_C_SOURCE   -I/usr/include -no-cpp-precomp -Wno-pointer-sign -Wno-write-strings -fno-common -pipe conftest.c  -L. -L/Users/sean/.rvm/rubies/ruby-1.9.3-p194/lib -L/Users/sean/.rvm/usr/lib -L.  -L/usr/lib    -lpq  -lruby.1.9.1 -lpq  -lpthread -ldl -lobjc "
conftest.c:5:11: warning: implicit declaration of function 'PQgetCancel' is invalid in C99 [-Wimplicit-function-declaration]
int t() { PQgetCancel(); return 0; }
          ^
1 warning generated.
checked program was:
/* begin */
1: #include "ruby.h"
2: 
3: /*top*/
4: int main() {return 0;}
5: int t() { PQgetCancel(); return 0; }
/* end */

--------------------

have_func: checking for lo_create()... -------------------- yes

"clang -o conftest -I/Users/sean/.rvm/rubies/ruby-1.9.3-p194/include/ruby-1.9.1/x86_64-darwin11.3.0 -I/Users/sean/.rvm/rubies/ruby-1.9.3-p194/include/ruby-1.9.1/ruby/backward -I/Users/sean/.rvm/rubies/ruby-1.9.3-p194/include/ruby-1.9.1 -I. -I/Users/sean/.rvm/usr/include -D_XOPEN_SOURCE -D_DARWIN_C_SOURCE   -I/usr/include -no-cpp-precomp -Wno-pointer-sign -Wno-write-strings -fno-common -pipe conftest.c  -L. -L/Users/sean/.rvm/rubies/ruby-1.9.3-p194/lib -L/Users/sean/.rvm/usr/lib -L.  -L/usr/lib    -lpq  -lruby.1.9.1 -lpq  -lpthread -ldl -lobjc "
conftest.c:5:53: error: use of undeclared identifier 'lo_create'
int t() { void ((*volatile p)()); p = (void ((*)()))lo_create; return 0; }
                                                    ^
1 error generated.
checked program was:
/* begin */
1: #include "ruby.h"
2: 
3: /*top*/
4: int main() {return 0;}
5: int t() { void ((*volatile p)()); p = (void ((*)()))lo_create; return 0; }
/* end */

"clang -o conftest -I/Users/sean/.rvm/rubies/ruby-1.9.3-p194/include/ruby-1.9.1/x86_64-darwin11.3.0 -I/Users/sean/.rvm/rubies/ruby-1.9.3-p194/include/ruby-1.9.1/ruby/backward -I/Users/sean/.rvm/rubies/ruby-1.9.3-p194/include/ruby-1.9.1 -I. -I/Users/sean/.rvm/usr/include -D_XOPEN_SOURCE -D_DARWIN_C_SOURCE   -I/usr/include -no-cpp-precomp -Wno-pointer-sign -Wno-write-strings -fno-common -pipe conftest.c  -L. -L/Users/sean/.rvm/rubies/ruby-1.9.3-p194/lib -L/Users/sean/.rvm/usr/lib -L.  -L/usr/lib    -lpq  -lruby.1.9.1 -lpq  -lpthread -ldl -lobjc "
conftest.c:5:11: warning: implicit declaration of function 'lo_create' is invalid in C99 [-Wimplicit-function-declaration]
int t() { lo_create(); return 0; }
          ^
1 warning generated.
checked program was:
/* begin */
1: #include "ruby.h"
2: 
3: /*top*/
4: int main() {return 0;}
5: int t() { lo_create(); return 0; }
/* end */

--------------------

have_func: checking for pg_encoding_to_char()... -------------------- yes

"clang -o conftest -I/Users/sean/.rvm/rubies/ruby-1.9.3-p194/include/ruby-1.9.1/x86_64-darwin11.3.0 -I/Users/sean/.rvm/rubies/ruby-1.9.3-p194/include/ruby-1.9.1/ruby/backward -I/Users/sean/.rvm/rubies/ruby-1.9.3-p194/include/ruby-1.9.1 -I. -I/Users/sean/.rvm/usr/include -D_XOPEN_SOURCE -D_DARWIN_C_SOURCE   -I/usr/include -no-cpp-precomp -Wno-pointer-sign -Wno-write-strings -fno-common -pipe conftest.c  -L. -L/Users/sean/.rvm/rubies/ruby-1.9.3-p194/lib -L/Users/sean/.rvm/usr/lib -L.  -L/usr/lib    -lpq  -lruby.1.9.1 -lpq  -lpthread -ldl -lobjc "
conftest.c:5:53: error: use of undeclared identifier 'pg_encoding_to_char'
int t() { void ((*volatile p)()); p = (void ((*)()))pg_encoding_to_char; return 0; }
                                                    ^
1 error generated.
checked program was:
/* begin */
1: #include "ruby.h"
2: 
3: /*top*/
4: int main() {return 0;}
5: int t() { void ((*volatile p)()); p = (void ((*)()))pg_encoding_to_char; return 0; }
/* end */

"clang -o conftest -I/Users/sean/.rvm/rubies/ruby-1.9.3-p194/include/ruby-1.9.1/x86_64-darwin11.3.0 -I/Users/sean/.rvm/rubies/ruby-1.9.3-p194/include/ruby-1.9.1/ruby/backward -I/Users/sean/.rvm/rubies/ruby-1.9.3-p194/include/ruby-1.9.1 -I. -I/Users/sean/.rvm/usr/include -D_XOPEN_SOURCE -D_DARWIN_C_SOURCE   -I/usr/include -no-cpp-precomp -Wno-pointer-sign -Wno-write-strings -fno-common -pipe conftest.c  -L. -L/Users/sean/.rvm/rubies/ruby-1.9.3-p194/lib -L/Users/sean/.rvm/usr/lib -L.  -L/usr/lib    -lpq  -lruby.1.9.1 -lpq  -lpthread -ldl -lobjc "
conftest.c:5:11: warning: implicit declaration of function 'pg_encoding_to_char' is invalid in C99 [-Wimplicit-function-declaration]
int t() { pg_encoding_to_char(); return 0; }
          ^
1 warning generated.
checked program was:
/* begin */
1: #include "ruby.h"
2: 
3: /*top*/
4: int main() {return 0;}
5: int t() { pg_encoding_to_char(); return 0; }
/* end */

--------------------

have_func: checking for pg_char_to_encoding()... -------------------- yes

"clang -o conftest -I/Users/sean/.rvm/rubies/ruby-1.9.3-p194/include/ruby-1.9.1/x86_64-darwin11.3.0 -I/Users/sean/.rvm/rubies/ruby-1.9.3-p194/include/ruby-1.9.1/ruby/backward -I/Users/sean/.rvm/rubies/ruby-1.9.3-p194/include/ruby-1.9.1 -I. -I/Users/sean/.rvm/usr/include -D_XOPEN_SOURCE -D_DARWIN_C_SOURCE   -I/usr/include -no-cpp-precomp -Wno-pointer-sign -Wno-write-strings -fno-common -pipe conftest.c  -L. -L/Users/sean/.rvm/rubies/ruby-1.9.3-p194/lib -L/Users/sean/.rvm/usr/lib -L.  -L/usr/lib    -lpq  -lruby.1.9.1 -lpq  -lpthread -ldl -lobjc "
conftest.c:5:53: error: use of undeclared identifier 'pg_char_to_encoding'
int t() { void ((*volatile p)()); p = (void ((*)()))pg_char_to_encoding; return 0; }
                                                    ^
1 error generated.
checked program was:
/* begin */
1: #include "ruby.h"
2: 
3: /*top*/
4: int main() {return 0;}
5: int t() { void ((*volatile p)()); p = (void ((*)()))pg_char_to_encoding; return 0; }
/* end */

"clang -o conftest -I/Users/sean/.rvm/rubies/ruby-1.9.3-p194/include/ruby-1.9.1/x86_64-darwin11.3.0 -I/Users/sean/.rvm/rubies/ruby-1.9.3-p194/include/ruby-1.9.1/ruby/backward -I/Users/sean/.rvm/rubies/ruby-1.9.3-p194/include/ruby-1.9.1 -I. -I/Users/sean/.rvm/usr/include -D_XOPEN_SOURCE -D_DARWIN_C_SOURCE   -I/usr/include -no-cpp-precomp -Wno-pointer-sign -Wno-write-strings -fno-common -pipe conftest.c  -L. -L/Users/sean/.rvm/rubies/ruby-1.9.3-p194/lib -L/Users/sean/.rvm/usr/lib -L.  -L/usr/lib    -lpq  -lruby.1.9.1 -lpq  -lpthread -ldl -lobjc "
conftest.c:5:11: warning: implicit declaration of function 'pg_char_to_encoding' is invalid in C99 [-Wimplicit-function-declaration]
int t() { pg_char_to_encoding(); return 0; }
          ^
1 warning generated.
checked program was:
/* begin */
1: #include "ruby.h"
2: 
3: /*top*/
4: int main() {return 0;}
5: int t() { pg_char_to_encoding(); return 0; }
/* end */

--------------------

have_func: checking for PQsetClientEncoding()... -------------------- yes

"clang -o conftest -I/Users/sean/.rvm/rubies/ruby-1.9.3-p194/include/ruby-1.9.1/x86_64-darwin11.3.0 -I/Users/sean/.rvm/rubies/ruby-1.9.3-p194/include/ruby-1.9.1/ruby/backward -I/Users/sean/.rvm/rubies/ruby-1.9.3-p194/include/ruby-1.9.1 -I. -I/Users/sean/.rvm/usr/include -D_XOPEN_SOURCE -D_DARWIN_C_SOURCE   -I/usr/include -no-cpp-precomp -Wno-pointer-sign -Wno-write-strings -fno-common -pipe conftest.c  -L. -L/Users/sean/.rvm/rubies/ruby-1.9.3-p194/lib -L/Users/sean/.rvm/usr/lib -L.  -L/usr/lib    -lpq  -lruby.1.9.1 -lpq  -lpthread -ldl -lobjc "
conftest.c:5:53: error: use of undeclared identifier 'PQsetClientEncoding'
int t() { void ((*volatile p)()); p = (void ((*)()))PQsetClientEncoding; return 0; }
                                                    ^
1 error generated.
checked program was:
/* begin */
1: #include "ruby.h"
2: 
3: /*top*/
4: int main() {return 0;}
5: int t() { void ((*volatile p)()); p = (void ((*)()))PQsetClientEncoding; return 0; }
/* end */

"clang -o conftest -I/Users/sean/.rvm/rubies/ruby-1.9.3-p194/include/ruby-1.9.1/x86_64-darwin11.3.0 -I/Users/sean/.rvm/rubies/ruby-1.9.3-p194/include/ruby-1.9.1/ruby/backward -I/Users/sean/.rvm/rubies/ruby-1.9.3-p194/include/ruby-1.9.1 -I. -I/Users/sean/.rvm/usr/include -D_XOPEN_SOURCE -D_DARWIN_C_SOURCE   -I/usr/include -no-cpp-precomp -Wno-pointer-sign -Wno-write-strings -fno-common -pipe conftest.c  -L. -L/Users/sean/.rvm/rubies/ruby-1.9.3-p194/lib -L/Users/sean/.rvm/usr/lib -L.  -L/usr/lib    -lpq  -lruby.1.9.1 -lpq  -lpthread -ldl -lobjc "
conftest.c:5:11: warning: implicit declaration of function 'PQsetClientEncoding' is invalid in C99 [-Wimplicit-function-declaration]
int t() { PQsetClientEncoding(); return 0; }
          ^
1 warning generated.
checked program was:
/* begin */
1: #include "ruby.h"
2: 
3: /*top*/
4: int main() {return 0;}
5: int t() { PQsetClientEncoding(); return 0; }
/* end */

--------------------

have_func: checking for PQlibVersion()... -------------------- yes

"clang -o conftest -I/Users/sean/.rvm/rubies/ruby-1.9.3-p194/include/ruby-1.9.1/x86_64-darwin11.3.0 -I/Users/sean/.rvm/rubies/ruby-1.9.3-p194/include/ruby-1.9.1/ruby/backward -I/Users/sean/.rvm/rubies/ruby-1.9.3-p194/include/ruby-1.9.1 -I. -I/Users/sean/.rvm/usr/include -D_XOPEN_SOURCE -D_DARWIN_C_SOURCE   -I/usr/include -no-cpp-precomp -Wno-pointer-sign -Wno-write-strings -fno-common -pipe conftest.c  -L. -L/Users/sean/.rvm/rubies/ruby-1.9.3-p194/lib -L/Users/sean/.rvm/usr/lib -L.  -L/usr/lib    -lpq  -lruby.1.9.1 -lpq  -lpthread -ldl -lobjc "
conftest.c:5:53: error: use of undeclared identifier 'PQlibVersion'
int t() { void ((*volatile p)()); p = (void ((*)()))PQlibVersion; return 0; }
                                                    ^
1 error generated.
checked program was:
/* begin */
1: #include "ruby.h"
2: 
3: /*top*/
4: int main() {return 0;}
5: int t() { void ((*volatile p)()); p = (void ((*)()))PQlibVersion; return 0; }
/* end */

"clang -o conftest -I/Users/sean/.rvm/rubies/ruby-1.9.3-p194/include/ruby-1.9.1/x86_64-darwin11.3.0 -I/Users/sean/.rvm/rubies/ruby-1.9.3-p194/include/ruby-1.9.1/ruby/backward -I/Users/sean/.rvm/rubies/ruby-1.9.3-p194/include/ruby-1.9.1 -I. -I/Users/sean/.rvm/usr/include -D_XOPEN_SOURCE -D_DARWIN_C_SOURCE   -I/usr/include -no-cpp-precomp -Wno-pointer-sign -Wno-write-strings -fno-common -pipe conftest.c  -L. -L/Users/sean/.rvm/rubies/ruby-1.9.3-p194/lib -L/Users/sean/.rvm/usr/lib -L.  -L/usr/lib    -lpq  -lruby.1.9.1 -lpq  -lpthread -ldl -lobjc "
conftest.c:5:11: warning: implicit declaration of function 'PQlibVersion' is invalid in C99 [-Wimplicit-function-declaration]
int t() { PQlibVersion(); return 0; }
          ^
1 warning generated.
checked program was:
/* begin */
1: #include "ruby.h"
2: 
3: /*top*/
4: int main() {return 0;}
5: int t() { PQlibVersion(); return 0; }
/* end */

--------------------

have_func: checking for PQping()... -------------------- yes

"clang -o conftest -I/Users/sean/.rvm/rubies/ruby-1.9.3-p194/include/ruby-1.9.1/x86_64-darwin11.3.0 -I/Users/sean/.rvm/rubies/ruby-1.9.3-p194/include/ruby-1.9.1/ruby/backward -I/Users/sean/.rvm/rubies/ruby-1.9.3-p194/include/ruby-1.9.1 -I. -I/Users/sean/.rvm/usr/include -D_XOPEN_SOURCE -D_DARWIN_C_SOURCE   -I/usr/include -no-cpp-precomp -Wno-pointer-sign -Wno-write-strings -fno-common -pipe conftest.c  -L. -L/Users/sean/.rvm/rubies/ruby-1.9.3-p194/lib -L/Users/sean/.rvm/usr/lib -L.  -L/usr/lib    -lpq  -lruby.1.9.1 -lpq  -lpthread -ldl -lobjc "
conftest.c:5:53: error: use of undeclared identifier 'PQping'
int t() { void ((*volatile p)()); p = (void ((*)()))PQping; return 0; }
                                                    ^
1 error generated.
checked program was:
/* begin */
1: #include "ruby.h"
2: 
3: /*top*/
4: int main() {return 0;}
5: int t() { void ((*volatile p)()); p = (void ((*)()))PQping; return 0; }
/* end */

"clang -o conftest -I/Users/sean/.rvm/rubies/ruby-1.9.3-p194/include/ruby-1.9.1/x86_64-darwin11.3.0 -I/Users/sean/.rvm/rubies/ruby-1.9.3-p194/include/ruby-1.9.1/ruby/backward -I/Users/sean/.rvm/rubies/ruby-1.9.3-p194/include/ruby-1.9.1 -I. -I/Users/sean/.rvm/usr/include -D_XOPEN_SOURCE -D_DARWIN_C_SOURCE   -I/usr/include -no-cpp-precomp -Wno-pointer-sign -Wno-write-strings -fno-common -pipe conftest.c  -L. -L/Users/sean/.rvm/rubies/ruby-1.9.3-p194/lib -L/Users/sean/.rvm/usr/lib -L.  -L/usr/lib    -lpq  -lruby.1.9.1 -lpq  -lpthread -ldl -lobjc "
conftest.c:5:11: warning: implicit declaration of function 'PQping' is invalid in C99 [-Wimplicit-function-declaration]
int t() { PQping(); return 0; }
          ^
1 warning generated.
checked program was:
/* begin */
1: #include "ruby.h"
2: 
3: /*top*/
4: int main() {return 0;}
5: int t() { PQping(); return 0; }
/* end */

--------------------

have_func: checking for rb_encdb_alias()... -------------------- yes

"clang -o conftest -I/Users/sean/.rvm/rubies/ruby-1.9.3-p194/include/ruby-1.9.1/x86_64-darwin11.3.0 -I/Users/sean/.rvm/rubies/ruby-1.9.3-p194/include/ruby-1.9.1/ruby/backward -I/Users/sean/.rvm/rubies/ruby-1.9.3-p194/include/ruby-1.9.1 -I. -I/Users/sean/.rvm/usr/include -D_XOPEN_SOURCE -D_DARWIN_C_SOURCE   -I/usr/include -no-cpp-precomp -Wno-pointer-sign -Wno-write-strings -fno-common -pipe conftest.c  -L. -L/Users/sean/.rvm/rubies/ruby-1.9.3-p194/lib -L/Users/sean/.rvm/usr/lib -L.  -L/usr/lib    -lpq  -lruby.1.9.1 -lpq  -lpthread -ldl -lobjc "
conftest.c:5:53: error: use of undeclared identifier 'rb_encdb_alias'
int t() { void ((*volatile p)()); p = (void ((*)()))rb_encdb_alias; return 0; }
                                                    ^
1 error generated.
checked program was:
/* begin */
1: #include "ruby.h"
2: 
3: /*top*/
4: int main() {return 0;}
5: int t() { void ((*volatile p)()); p = (void ((*)()))rb_encdb_alias; return 0; }
/* end */

"clang -o conftest -I/Users/sean/.rvm/rubies/ruby-1.9.3-p194/include/ruby-1.9.1/x86_64-darwin11.3.0 -I/Users/sean/.rvm/rubies/ruby-1.9.3-p194/include/ruby-1.9.1/ruby/backward -I/Users/sean/.rvm/rubies/ruby-1.9.3-p194/include/ruby-1.9.1 -I. -I/Users/sean/.rvm/usr/include -D_XOPEN_SOURCE -D_DARWIN_C_SOURCE   -I/usr/include -no-cpp-precomp -Wno-pointer-sign -Wno-write-strings -fno-common -pipe conftest.c  -L. -L/Users/sean/.rvm/rubies/ruby-1.9.3-p194/lib -L/Users/sean/.rvm/usr/lib -L.  -L/usr/lib    -lpq  -lruby.1.9.1 -lpq  -lpthread -ldl -lobjc "
conftest.c:5:11: warning: implicit declaration of function 'rb_encdb_alias' is invalid in C99 [-Wimplicit-function-declaration]
int t() { rb_encdb_alias(); return 0; }
          ^
1 warning generated.
checked program was:
/* begin */
1: #include "ruby.h"
2: 
3: /*top*/
4: int main() {return 0;}
5: int t() { rb_encdb_alias(); return 0; }
/* end */

--------------------

have_func: checking for rb_enc_alias()... -------------------- yes

"clang -o conftest -I/Users/sean/.rvm/rubies/ruby-1.9.3-p194/include/ruby-1.9.1/x86_64-darwin11.3.0 -I/Users/sean/.rvm/rubies/ruby-1.9.3-p194/include/ruby-1.9.1/ruby/backward -I/Users/sean/.rvm/rubies/ruby-1.9.3-p194/include/ruby-1.9.1 -I. -I/Users/sean/.rvm/usr/include -D_XOPEN_SOURCE -D_DARWIN_C_SOURCE   -I/usr/include -no-cpp-precomp -Wno-pointer-sign -Wno-write-strings -fno-common -pipe conftest.c  -L. -L/Users/sean/.rvm/rubies/ruby-1.9.3-p194/lib -L/Users/sean/.rvm/usr/lib -L.  -L/usr/lib    -lpq  -lruby.1.9.1 -lpq  -lpthread -ldl -lobjc "
conftest.c:5:53: error: use of undeclared identifier 'rb_enc_alias'
int t() { void ((*volatile p)()); p = (void ((*)()))rb_enc_alias; return 0; }
                                                    ^
1 error generated.
checked program was:
/* begin */
1: #include "ruby.h"
2: 
3: /*top*/
4: int main() {return 0;}
5: int t() { void ((*volatile p)()); p = (void ((*)()))rb_enc_alias; return 0; }
/* end */

"clang -o conftest -I/Users/sean/.rvm/rubies/ruby-1.9.3-p194/include/ruby-1.9.1/x86_64-darwin11.3.0 -I/Users/sean/.rvm/rubies/ruby-1.9.3-p194/include/ruby-1.9.1/ruby/backward -I/Users/sean/.rvm/rubies/ruby-1.9.3-p194/include/ruby-1.9.1 -I. -I/Users/sean/.rvm/usr/include -D_XOPEN_SOURCE -D_DARWIN_C_SOURCE   -I/usr/include -no-cpp-precomp -Wno-pointer-sign -Wno-write-strings -fno-common -pipe conftest.c  -L. -L/Users/sean/.rvm/rubies/ruby-1.9.3-p194/lib -L/Users/sean/.rvm/usr/lib -L.  -L/usr/lib    -lpq  -lruby.1.9.1 -lpq  -lpthread -ldl -lobjc "
conftest.c:5:11: warning: implicit declaration of function 'rb_enc_alias' is invalid in C99 [-Wimplicit-function-declaration]
int t() { rb_enc_alias(); return 0; }
          ^
1 warning generated.
checked program was:
/* begin */
1: #include "ruby.h"
2: 
3: /*top*/
4: int main() {return 0;}
5: int t() { rb_enc_alias(); return 0; }
/* end */

--------------------

have_const: checking for PGRES_COPY_BOTH in libpq-fe.h... -------------------- yes

"clang -I/Users/sean/.rvm/rubies/ruby-1.9.3-p194/include/ruby-1.9.1/x86_64-darwin11.3.0 -I/Users/sean/.rvm/rubies/ruby-1.9.3-p194/include/ruby-1.9.1/ruby/backward -I/Users/sean/.rvm/rubies/ruby-1.9.3-p194/include/ruby-1.9.1 -I. -I/Users/sean/.rvm/usr/include -D_XOPEN_SOURCE -D_DARWIN_C_SOURCE   -I/usr/include -no-cpp-precomp -Wno-pointer-sign -Wno-write-strings -fno-common -pipe   -c conftest.c"
checked program was:
/* begin */
1: #include "ruby.h"
2: 
3: #include <libpq-fe.h>
4: 
5: /*top*/
6: typedef int conftest_type;
7: conftest_type conftestval = (int)PGRES_COPY_BOTH;
/* end */

--------------------

have_struct_member: checking for struct pgNotify.extra in libpq-fe.h... -------------------- yes

"clang -I/Users/sean/.rvm/rubies/ruby-1.9.3-p194/include/ruby-1.9.1/x86_64-darwin11.3.0 -I/Users/sean/.rvm/rubies/ruby-1.9.3-p194/include/ruby-1.9.1/ruby/backward -I/Users/sean/.rvm/rubies/ruby-1.9.3-p194/include/ruby-1.9.1 -I. -I/Users/sean/.rvm/usr/include -D_XOPEN_SOURCE -D_DARWIN_C_SOURCE   -I/usr/include -no-cpp-precomp -Wno-pointer-sign -Wno-write-strings -fno-common -pipe   -c conftest.c"
checked program was:
/* begin */
1: #include "ruby.h"
2: 
3: #include <libpq-fe.h>
4: 
5: /*top*/
6: int main() {return 0;}
7: int s = (char *)&((struct pgNotify*)0)->extra - (char *)0;
/* end */

--------------------

have_header: checking for unistd.h... -------------------- yes

"clang -E -I/Users/sean/.rvm/rubies/ruby-1.9.3-p194/include/ruby-1.9.1/x86_64-darwin11.3.0 -I/Users/sean/.rvm/rubies/ruby-1.9.3-p194/include/ruby-1.9.1/ruby/backward -I/Users/sean/.rvm/rubies/ruby-1.9.3-p194/include/ruby-1.9.1 -I. -I/Users/sean/.rvm/usr/include -D_XOPEN_SOURCE -D_DARWIN_C_SOURCE   -I/usr/include -no-cpp-precomp -Wno-pointer-sign -Wno-write-strings -fno-common -pipe  conftest.c -o conftest.i"
checked program was:
/* begin */
1: #include "ruby.h"
2: 
3: #include <unistd.h>
/* end */

--------------------

have_header: checking for ruby/st.h... -------------------- yes

"clang -E -I/Users/sean/.rvm/rubies/ruby-1.9.3-p194/include/ruby-1.9.1/x86_64-darwin11.3.0 -I/Users/sean/.rvm/rubies/ruby-1.9.3-p194/include/ruby-1.9.1/ruby/backward -I/Users/sean/.rvm/rubies/ruby-1.9.3-p194/include/ruby-1.9.1 -I. -I/Users/sean/.rvm/usr/include -D_XOPEN_SOURCE -D_DARWIN_C_SOURCE   -I/usr/include -no-cpp-precomp -Wno-pointer-sign -Wno-write-strings -fno-common -pipe  conftest.c -o conftest.i"
checked program was:
/* begin */
1: #include "ruby.h"
2: 
3: #include <ruby/st.h>
/* end */

--------------------

extconf.h is:
/* begin */
 1: #ifndef EXTCONF_H
 2: #define EXTCONF_H
 3: #define HAVE_PQCONNECTIONUSEDPASSWORD 1
 4: #define HAVE_PQISTHREADSAFE 1
 5: #define HAVE_PQPREPARE 1
 6: #define HAVE_PQEXECPARAMS 1
 7: #define HAVE_PQESCAPESTRING 1
 8: #define HAVE_PQESCAPESTRINGCONN 1
 9: #define HAVE_PQESCAPELITERAL 1
10: #define HAVE_PQESCAPEIDENTIFIER 1
11: #define HAVE_PQGETCANCEL 1
12: #define HAVE_LO_CREATE 1
13: #define HAVE_PG_ENCODING_TO_CHAR 1
14: #define HAVE_PG_CHAR_TO_ENCODING 1
15: #define HAVE_PQSETCLIENTENCODING 1
16: #define HAVE_PQLIBVERSION 1
17: #define HAVE_PQPING 1
18: #define HAVE_RB_ENCDB_ALIAS 1
19: #define HAVE_RB_ENC_ALIAS 1
20: #define HAVE_CONST_PGRES_COPY_BOTH 1
21: #define HAVE_STRUCT_PGNOTIFY_EXTRA 1
22: #define HAVE_ST_EXTRA 1
23: #define HAVE_ST_NOTIFY_EXTRA 1
24: #define HAVE_UNISTD_H 1
25: #define HAVE_RUBY_ST_H 1
26: #endif
/* end */

